<?xml version="1.0" encoding="utf-8"?><testsuites name="pytest tests"><testsuite name="pytest" errors="0" failures="4" skipped="0" tests="38" time="0.737" timestamp="2026-09-12T02:14:53.775994-07:00" hostname="Ws-MacBook-Pro.local"><testcase classname="docs.sandbox.research.wang2021-startup-v1.reproduce.test_startup_model" name="test_zero_startup_converges_to_d1_analytic_reference" time="0.145" /><testcase classname="docs.sandbox.research.wang2021-startup-v1.reproduce.test_startup_model" name="test_single_cell_matches_independent_integrated_decay[0.0]" time="0.017" /><testcase classname="docs.sandbox.research.wang2021-startup-v1.reproduce.test_startup_model" name="test_single_cell_matches_independent_integrated_decay[600.0]" time="0.031" /><testcase classname="docs.sandbox.research.wang2021-startup-v1.reproduce.test_startup_model" name="test_integrated_outflow_and_accepted_states_conserve_mass" time="0.024"><failure message="KeyError: 'mean_increase_max'">def test_integrated_outflow_and_accepted_states_conserve_mass():
        prediction, info = startup_curve(P, 50., .45, TIMES, tau_s=600., cells=31)
        outflow = np.array(info["cumulative_outflow_at_times"])
        assert outflow[0] == 0.
        assert outflow[-1] &gt; .9
        np.testing.assert_allclose(prediction + outflow, 1., rtol=0., atol=2e-12)
        assert info["mass_balance_max_abs"] &lt; 2e-12
        assert -1e-10 &lt;= info["cell_min"] &lt;= info["cell_max"] &lt;= 1. + 1e-10
        assert np.all(np.diff(prediction) &lt;= 1e-10)
&gt;       assert info["mean_increase_max"] &lt;= 1e-10
               ^^^^^^^^^^^^^^^^^^^^^^^^^
E       KeyError: 'mean_increase_max'

docs/sandbox/research/wang2021-startup-v1/reproduce/test_startup_model.py:72: KeyError</failure></testcase><testcase classname="docs.sandbox.research.wang2021-startup-v1.reproduce.test_startup_model" name="test_nonzero_startup_grid_and_tolerance_refinement" time="0.164" /><testcase classname="docs.sandbox.research.wang2021-startup-v1.reproduce.test_startup_model" name="test_duplicate_times_preserve_order_and_initial_only_needs_no_solver" time="0.003"><failure message="KeyError: 'mean_increase_max'">def test_duplicate_times_preserve_order_and_initial_only_needs_no_solver():
        repeated, info = startup_curve(
            P, np.float64(50.), np.float64(.45), np.array([0., 0., 30., 30., 60.]),
            tau_s=np.float64(600.), cells=np.int64(4),
        )
        assert repeated[0] == repeated[1] == 1.
        assert repeated[2] == repeated[3]
        assert len(info["cumulative_outflow_at_times"]) == 5
        initial, initial_info = startup_curve(P, 50., .45, [0., 0.], tau_s=0., cells=1)
        np.testing.assert_array_equal(initial, [1., 1.])
        assert initial_info["nfev"] == initial_info["njev"] == initial_info["nlu"] == 0
        assert initial_info["accepted_steps"] == 0
&gt;       assert initial_info["mean_increase_max"] == 0.
               ^^^^^^^^^^^^^^^^^^^^^^^^^^^^^^^^^
E       KeyError: 'mean_increase_max'

docs/sandbox/research/wang2021-startup-v1/reproduce/test_startup_model.py:108: KeyError</failure></testcase><testcase classname="docs.sandbox.research.wang2021-startup-v1.reproduce.test_startup_model" name="test_invalid_time_vectors_are_rejected[times0]" time="0.000" /><testcase classname="docs.sandbox.research.wang2021-startup-v1.reproduce.test_startup_model" name="test_invalid_time_vectors_are_rejected[times1]" time="0.000" /><testcase classname="docs.sandbox.research.wang2021-startup-v1.reproduce.test_startup_model" name="test_invalid_time_vectors_are_rejected[times2]" time="0.000" /><testcase classname="docs.sandbox.research.wang2021-startup-v1.reproduce.test_startup_model" name="test_invalid_time_vectors_are_rejected[times3]" time="0.000" /><testcase classname="docs.sandbox.research.wang2021-startup-v1.reproduce.test_startup_model" name="test_invalid_time_vectors_are_rejected[times4]" time="0.000" /><testcase classname="docs.sandbox.research.wang2021-startup-v1.reproduce.test_startup_model" name="test_invalid_time_vectors_are_rejected[times5]" time="0.000" /><testcase classname="docs.sandbox.research.wang2021-startup-v1.reproduce.test_startup_model" name="test_invalid_time_vectors_are_rejected[1.0]" time="0.000" /><testcase classname="docs.sandbox.research.wang2021-startup-v1.reproduce.test_startup_model" name="test_invalid_time_vectors_are_rejected[times7]" time="0.000" /><testcase classname="docs.sandbox.research.wang2021-startup-v1.reproduce.test_startup_model" name="test_invalid_time_vectors_are_rejected[times8]" time="0.000" /><testcase classname="docs.sandbox.research.wang2021-startup-v1.reproduce.test_startup_model" name="test_invalid_time_vectors_are_rejected[times9]" time="0.002"><failure message="Failed: DID NOT RAISE &lt;class 'ValueError'&gt;">times = [0.0, True]

    @pytest.mark.parametrize("times", [
        [], [0., -1.], [2., 1.], [math.nan], [math.inf], [[1.]], 1., [True], ["1"],
        [0., True],
    ])
    def test_invalid_time_vectors_are_rejected(times):
&gt;       with pytest.raises(ValueError):
             ^^^^^^^^^^^^^^^^^^^^^^^^^
E       Failed: DID NOT RAISE &lt;class 'ValueError'&gt;

docs/sandbox/research/wang2021-startup-v1/reproduce/test_startup_model.py:117: Failed</failure></testcase><testcase classname="docs.sandbox.research.wang2021-startup-v1.reproduce.test_startup_model" name="test_invalid_solver_inputs_are_rejected[tau_s--1.0]" time="0.000" /><testcase classname="docs.sandbox.research.wang2021-startup-v1.reproduce.test_startup_model" name="test_invalid_solver_inputs_are_rejected[tau_s-nan]" time="0.000" /><testcase classname="docs.sandbox.research.wang2021-startup-v1.reproduce.test_startup_model" name="test_invalid_solver_inputs_are_rejected[tau_s-inf]" time="0.000" /><testcase classname="docs.sandbox.research.wang2021-startup-v1.reproduce.test_startup_model" name="test_invalid_solver_inputs_are_rejected[tau_s-True]" time="0.000" /><testcase classname="docs.sandbox.research.wang2021-startup-v1.reproduce.test_startup_model" name="test_invalid_solver_inputs_are_rejected[cells-0]" time="0.000" /><testcase classname="docs.sandbox.research.wang2021-startup-v1.reproduce.test_startup_model" name="test_invalid_solver_inputs_are_rejected[cells--1]" time="0.000" /><testcase classname="docs.sandbox.research.wang2021-startup-v1.reproduce.test_startup_model" name="test_invalid_solver_inputs_are_rejected[cells-1.5]" time="0.000" /><testcase classname="docs.sandbox.research.wang2021-startup-v1.reproduce.test_startup_model" name="test_invalid_solver_inputs_are_rejected[cells-True]" time="0.000" /><testcase classname="docs.sandbox.research.wang2021-startup-v1.reproduce.test_startup_model" name="test_invalid_solver_inputs_are_rejected[rtol-0.0]" time="0.000" /><testcase classname="docs.sandbox.research.wang2021-startup-v1.reproduce.test_startup_model" name="test_invalid_solver_inputs_are_rejected[rtol-1e-20]" time="0.000" /><testcase classname="docs.sandbox.research.wang2021-startup-v1.reproduce.test_startup_model" name="test_invalid_solver_inputs_are_rejected[rtol-nan]" time="0.000" /><testcase classname="docs.sandbox.research.wang2021-startup-v1.reproduce.test_startup_model" name="test_invalid_solver_inputs_are_rejected[rtol-True]" time="0.000" /><testcase classname="docs.sandbox.research.wang2021-startup-v1.reproduce.test_startup_model" name="test_invalid_solver_inputs_are_rejected[atol-0.0]" time="0.000" /><testcase classname="docs.sandbox.research.wang2021-startup-v1.reproduce.test_startup_model" name="test_invalid_solver_inputs_are_rejected[atol-inf]" time="0.000" /><testcase classname="docs.sandbox.research.wang2021-startup-v1.reproduce.test_startup_model" name="test_invalid_solver_inputs_are_rejected[atol-True]" time="0.000" /><testcase classname="docs.sandbox.research.wang2021-startup-v1.reproduce.test_startup_model" name="test_d1_parameter_and_label_domain_is_preserved[None-50.0-0.45]" time="0.000" /><testcase classname="docs.sandbox.research.wang2021-startup-v1.reproduce.test_startup_model" name="test_d1_parameter_and_label_domain_is_preserved[p1-39.0-0.45]" time="0.000" /><testcase classname="docs.sandbox.research.wang2021-startup-v1.reproduce.test_startup_model" name="test_d1_parameter_and_label_domain_is_preserved[p2-50.0-0.61]" time="0.000" /><testcase classname="docs.sandbox.research.wang2021-startup-v1.reproduce.test_startup_model" name="test_budget_guard_failure_propagates[1]" time="0.000" /><testcase classname="docs.sandbox.research.wang2021-startup-v1.reproduce.test_startup_model" name="test_budget_guard_failure_propagates[3]" time="0.000" /><testcase classname="docs.sandbox.research.wang2021-startup-v1.reproduce.test_startup_model" name="test_diagnostics_preserve_solver_counts_and_independent_outflow" time="0.024" /><testcase classname="docs.sandbox.research.wang2021-startup-v1.reproduce.test_startup_model" name="test_mean_increase_uses_sorted_union_of_accepted_and_requested_times" time="0.000"><failure message="KeyError: 'mean_increase_max'">monkeypatch = &lt;_pytest.monkeypatch.MonkeyPatch object at 0x1092ea780&gt;

    def test_mean_increase_uses_sorted_union_of_accepted_and_requested_times(monkeypatch):
        # Accepted-only MR rises by .025; requested-only MR rises by .05. The
        # sorted union reveals the .125 rise from requested t=600 to accepted 900.
        accepted_mean = np.array([1., .9, .925, .85])
        sampled_mean = np.array([1., .8, .85])
        result = SimpleNamespace(
            success=True, message="manufactured diagnostic fixture", status=0,
            t=np.array([0., 300., 900., 1200.]),
            y=np.vstack((accepted_mean, accepted_mean, [0., .1, .075, .15])),
            sol=lambda times: np.vstack((sampled_mean, sampled_mean, [0., .2, .15])),
            nfev=10, njev=1, nlu=2,
        )
        monkeypatch.setattr(startup_model, "solve_ivp", lambda *args, **kwargs: result)
        _, info = startup_curve(P, 50., .45, [0., 600., 1200.], tau_s=600., cells=2)
&gt;       assert info["mean_increase_max"] == pytest.approx(.125, abs=1e-15)
               ^^^^^^^^^^^^^^^^^^^^^^^^^
E       KeyError: 'mean_increase_max'

docs/sandbox/research/wang2021-startup-v1/reproduce/test_startup_model.py:198: KeyError</failure></testcase></testsuite></testsuites>