<?xml version="1.0" encoding="utf-8"?><testsuites name="pytest tests"><testsuite name="pytest" errors="1" failures="0" skipped="0" tests="1" time="0.368" timestamp="2026-09-12T02:11:38.888522-07:00" hostname="Ws-MacBook-Pro.local"><testcase classname="" name="docs.sandbox.research.wang2021-startup-v1.reproduce.test_startup_model" time="0.000"><error message="collection failure">ImportError while importing test module '/Users/wanggaoying/Desktop/brickmodel-github/docs/sandbox/research/wang2021-startup-v1/reproduce/test_startup_model.py'.
Hint: make sure your test modules/packages have valid Python names.
Traceback:
../../.local/share/uv/python/cpython-3.12.13-macos-aarch64-none/lib/python3.12/importlib/__init__.py:90: in import_module
    return _bootstrap._gcd_import(name[level:], package, level)
           ^^^^^^^^^^^^^^^^^^^^^^^^^^^^^^^^^^^^^^^^^^^^^^^^^^^^
docs/sandbox/research/wang2021-startup-v1/reproduce/test_startup_model.py:17: in &lt;module&gt;
    import startup_model
E   ModuleNotFoundError: No module named 'startup_model'</error></testcase></testsuite></testsuites>