<?xml version="1.0" encoding="utf-8"?><testsuites name="pytest tests"><testsuite name="pytest" errors="0" failures="0" skipped="0" tests="38" time="0.714" timestamp="2026-09-12T02:15:17.642932-07:00" hostname="Ws-MacBook-Pro.local"><testcase classname="docs.sandbox.research.wang2021-startup-v1.reproduce.test_startup_model" name="test_zero_startup_converges_to_d1_analytic_reference" time="0.151" /><testcase classname="docs.sandbox.research.wang2021-startup-v1.reproduce.test_startup_model" name="test_single_cell_matches_independent_integrated_decay[0.0]" time="0.017" /><testcase classname="docs.sandbox.research.wang2021-startup-v1.reproduce.test_startup_model" name="test_single_cell_matches_independent_integrated_decay[600.0]" time="0.030" /><testcase classname="docs.sandbox.research.wang2021-startup-v1.reproduce.test_startup_model" name="test_integrated_outflow_and_accepted_states_conserve_mass" time="0.024" /><testcase classname="docs.sandbox.research.wang2021-startup-v1.reproduce.test_startup_model" name="test_nonzero_startup_grid_and_tolerance_refinement" time="0.162" /><testcase classname="docs.sandbox.research.wang2021-startup-v1.reproduce.test_startup_model" name="test_duplicate_times_preserve_order_and_initial_only_needs_no_solver" time="0.003" /><testcase classname="docs.sandbox.research.wang2021-startup-v1.reproduce.test_startup_model" name="test_invalid_time_vectors_are_rejected[times0]" time="0.000" /><testcase classname="docs.sandbox.research.wang2021-startup-v1.reproduce.test_startup_model" name="test_invalid_time_vectors_are_rejected[times1]" time="0.000" /><testcase classname="docs.sandbox.research.wang2021-startup-v1.reproduce.test_startup_model" name="test_invalid_time_vectors_are_rejected[times2]" time="0.000" /><testcase classname="docs.sandbox.research.wang2021-startup-v1.reproduce.test_startup_model" name="test_invalid_time_vectors_are_rejected[times3]" time="0.000" /><testcase classname="docs.sandbox.research.wang2021-startup-v1.reproduce.test_startup_model" name="test_invalid_time_vectors_are_rejected[times4]" time="0.000" /><testcase classname="docs.sandbox.research.wang2021-startup-v1.reproduce.test_startup_model" name="test_invalid_time_vectors_are_rejected[times5]" time="0.000" /><testcase classname="docs.sandbox.research.wang2021-startup-v1.reproduce.test_startup_model" name="test_invalid_time_vectors_are_rejected[1.0]" time="0.000" /><testcase classname="docs.sandbox.research.wang2021-startup-v1.reproduce.test_startup_model" name="test_invalid_time_vectors_are_rejected[times7]" time="0.000" /><testcase classname="docs.sandbox.research.wang2021-startup-v1.reproduce.test_startup_model" name="test_invalid_time_vectors_are_rejected[times8]" time="0.000" /><testcase classname="docs.sandbox.research.wang2021-startup-v1.reproduce.test_startup_model" name="test_invalid_time_vectors_are_rejected[times9]" time="0.000" /><testcase classname="docs.sandbox.research.wang2021-startup-v1.reproduce.test_startup_model" name="test_invalid_solver_inputs_are_rejected[tau_s--1.0]" time="0.000" /><testcase classname="docs.sandbox.research.wang2021-startup-v1.reproduce.test_startup_model" name="test_invalid_solver_inputs_are_rejected[tau_s-nan]" time="0.000" /><testcase classname="docs.sandbox.research.wang2021-startup-v1.reproduce.test_startup_model" name="test_invalid_solver_inputs_are_rejected[tau_s-inf]" time="0.000" /><testcase classname="docs.sandbox.research.wang2021-startup-v1.reproduce.test_startup_model" name="test_invalid_solver_inputs_are_rejected[tau_s-True]" time="0.000" /><testcase classname="docs.sandbox.research.wang2021-startup-v1.reproduce.test_startup_model" name="test_invalid_solver_inputs_are_rejected[cells-0]" time="0.000" /><testcase classname="docs.sandbox.research.wang2021-startup-v1.reproduce.test_startup_model" name="test_invalid_solver_inputs_are_rejected[cells--1]" time="0.000" /><testcase classname="docs.sandbox.research.wang2021-startup-v1.reproduce.test_startup_model" name="test_invalid_solver_inputs_are_rejected[cells-1.5]" time="0.000" /><testcase classname="docs.sandbox.research.wang2021-startup-v1.reproduce.test_startup_model" name="test_invalid_solver_inputs_are_rejected[cells-True]" time="0.000" /><testcase classname="docs.sandbox.research.wang2021-startup-v1.reproduce.test_startup_model" name="test_invalid_solver_inputs_are_rejected[rtol-0.0]" time="0.000" /><testcase classname="docs.sandbox.research.wang2021-startup-v1.reproduce.test_startup_model" name="test_invalid_solver_inputs_are_rejected[rtol-1e-20]" time="0.000" /><testcase classname="docs.sandbox.research.wang2021-startup-v1.reproduce.test_startup_model" name="test_invalid_solver_inputs_are_rejected[rtol-nan]" time="0.000" /><testcase classname="docs.sandbox.research.wang2021-startup-v1.reproduce.test_startup_model" name="test_invalid_solver_inputs_are_rejected[rtol-True]" time="0.000" /><testcase classname="docs.sandbox.research.wang2021-startup-v1.reproduce.test_startup_model" name="test_invalid_solver_inputs_are_rejected[atol-0.0]" time="0.000" /><testcase classname="docs.sandbox.research.wang2021-startup-v1.reproduce.test_startup_model" name="test_invalid_solver_inputs_are_rejected[atol-inf]" time="0.000" /><testcase classname="docs.sandbox.research.wang2021-startup-v1.reproduce.test_startup_model" name="test_invalid_solver_inputs_are_rejected[atol-True]" time="0.000" /><testcase classname="docs.sandbox.research.wang2021-startup-v1.reproduce.test_startup_model" name="test_d1_parameter_and_label_domain_is_preserved[None-50.0-0.45]" time="0.000" /><testcase classname="docs.sandbox.research.wang2021-startup-v1.reproduce.test_startup_model" name="test_d1_parameter_and_label_domain_is_preserved[p1-39.0-0.45]" time="0.000" /><testcase classname="docs.sandbox.research.wang2021-startup-v1.reproduce.test_startup_model" name="test_d1_parameter_and_label_domain_is_preserved[p2-50.0-0.61]" time="0.000" /><testcase classname="docs.sandbox.research.wang2021-startup-v1.reproduce.test_startup_model" name="test_budget_guard_failure_propagates[1]" time="0.000" /><testcase classname="docs.sandbox.research.wang2021-startup-v1.reproduce.test_startup_model" name="test_budget_guard_failure_propagates[3]" time="0.000" /><testcase classname="docs.sandbox.research.wang2021-startup-v1.reproduce.test_startup_model" name="test_diagnostics_preserve_solver_counts_and_independent_outflow" time="0.022" /><testcase classname="docs.sandbox.research.wang2021-startup-v1.reproduce.test_startup_model" name="test_mean_increase_uses_sorted_union_of_accepted_and_requested_times" time="0.000" /></testsuite></testsuites>