<?xml version="1.0" encoding="utf-8"?><testsuites name="pytest tests"><testsuite name="pytest" errors="1" failures="0" skipped="0" tests="1" time="0.359" timestamp="2026-09-12T02:58:26.769998-07:00" hostname="Ws-MacBook-Pro.local"><testcase classname="" name="tests.sandbox.test_cooling_thermoelastic_plate" time="0.000"><error message="collection failure">ImportError while importing test module '/Users/wanggaoying/Desktop/brickmodel-github/tests/sandbox/test_cooling_thermoelastic_plate.py'.
Hint: make sure your test modules/packages have valid Python names.
Traceback:
../../.local/share/uv/python/cpython-3.12.13-macos-aarch64-none/lib/python3.12/importlib/__init__.py:90: in import_module
    return _bootstrap._gcd_import(name[level:], package, level)
           ^^^^^^^^^^^^^^^^^^^^^^^^^^^^^^^^^^^^^^^^^^^^^^^^^^^^
tests/sandbox/test_cooling_thermoelastic_plate.py:11: in &lt;module&gt;
    from sludge_sandbox.cooling_thermoelastic_plate import (
E   ModuleNotFoundError: No module named 'sludge_sandbox.cooling_thermoelastic_plate'</error></testcase></testsuite></testsuites>