<?xml version="1.0" encoding="utf-8"?><testsuites name="pytest tests"><testsuite name="pytest" errors="0" failures="0" skipped="0" tests="42" time="0.327" timestamp="2026-09-12T03:02:37.485731-07:00" hostname="Ws-MacBook-Pro.local"><testcase classname="tests.sandbox.test_cooling_thermoelastic_plate" name="test_uniform_free_state_and_uniform_in_plane_restrained_point[291.0]" time="0.000" /><testcase classname="tests.sandbox.test_cooling_thermoelastic_plate" name="test_uniform_free_state_and_uniform_in_plane_restrained_point[300.0]" time="0.000" /><testcase classname="tests.sandbox.test_cooling_thermoelastic_plate" name="test_uniform_free_state_and_uniform_in_plane_restrained_point[309.0]" time="0.000" /><testcase classname="tests.sandbox.test_cooling_thermoelastic_plate" name="test_independent_free_energy_derivatives_and_legendre_identity" time="0.000" /><testcase classname="tests.sandbox.test_cooling_thermoelastic_plate" name="test_fraction_two_cell_rates_local_work_and_entropy" time="0.000" /><testcase classname="tests.sandbox.test_cooling_thermoelastic_plate" name="test_two_cell_adiabatic_relaxation_matches_independent_implicit_solution" time="0.011" /><testcase classname="tests.sandbox.test_cooling_thermoelastic_plate" name="test_fixed_surface_halfcell_and_zero_alpha_reduce_to_plain_conduction" time="0.000" /><testcase classname="tests.sandbox.test_cooling_thermoelastic_plate" name="test_one_coupled_cooling_stage_matches_independent_dense_matrix" time="0.000" /><testcase classname="tests.sandbox.test_cooling_thermoelastic_plate" name="test_outputs_and_model_are_immutable" time="0.000" /><testcase classname="tests.sandbox.test_cooling_thermoelastic_plate" name="test_invalid_model_inputs_fail_closed[changes0]" time="0.000" /><testcase classname="tests.sandbox.test_cooling_thermoelastic_plate" name="test_invalid_model_inputs_fail_closed[changes1]" time="0.000" /><testcase classname="tests.sandbox.test_cooling_thermoelastic_plate" name="test_invalid_model_inputs_fail_closed[changes2]" time="0.000" /><testcase classname="tests.sandbox.test_cooling_thermoelastic_plate" name="test_invalid_model_inputs_fail_closed[changes3]" time="0.000" /><testcase classname="tests.sandbox.test_cooling_thermoelastic_plate" name="test_invalid_model_inputs_fail_closed[changes4]" time="0.000" /><testcase classname="tests.sandbox.test_cooling_thermoelastic_plate" name="test_invalid_model_inputs_fail_closed[changes5]" time="0.000" /><testcase classname="tests.sandbox.test_cooling_thermoelastic_plate" name="test_invalid_model_inputs_fail_closed[changes6]" time="0.000" /><testcase classname="tests.sandbox.test_cooling_thermoelastic_plate" name="test_invalid_model_inputs_fail_closed[changes7]" time="0.000" /><testcase classname="tests.sandbox.test_cooling_thermoelastic_plate" name="test_invalid_model_inputs_fail_closed[changes8]" time="0.000" /><testcase classname="tests.sandbox.test_cooling_thermoelastic_plate" name="test_invalid_model_inputs_fail_closed[changes9]" time="0.000" /><testcase classname="tests.sandbox.test_cooling_thermoelastic_plate" name="test_invalid_model_inputs_fail_closed[changes10]" time="0.000" /><testcase classname="tests.sandbox.test_cooling_thermoelastic_plate" name="test_invalid_model_inputs_fail_closed[changes11]" time="0.000" /><testcase classname="tests.sandbox.test_cooling_thermoelastic_plate" name="test_invalid_model_inputs_fail_closed[changes12]" time="0.000" /><testcase classname="tests.sandbox.test_cooling_thermoelastic_plate" name="test_invalid_model_inputs_fail_closed[changes13]" time="0.000" /><testcase classname="tests.sandbox.test_cooling_thermoelastic_plate" name="test_invalid_model_inputs_fail_closed[changes14]" time="0.000" /><testcase classname="tests.sandbox.test_cooling_thermoelastic_plate" name="test_invalid_model_inputs_fail_closed[changes15]" time="0.000" /><testcase classname="tests.sandbox.test_cooling_thermoelastic_plate" name="test_invalid_model_inputs_fail_closed[changes16]" time="0.000" /><testcase classname="tests.sandbox.test_cooling_thermoelastic_plate" name="test_invalid_model_inputs_fail_closed[changes17]" time="0.000" /><testcase classname="tests.sandbox.test_cooling_thermoelastic_plate" name="test_invalid_model_inputs_fail_closed[changes18]" time="0.000" /><testcase classname="tests.sandbox.test_cooling_thermoelastic_plate" name="test_invalid_model_inputs_fail_closed[changes19]" time="0.000" /><testcase classname="tests.sandbox.test_cooling_thermoelastic_plate" name="test_invalid_model_inputs_fail_closed[changes20]" time="0.000" /><testcase classname="tests.sandbox.test_cooling_thermoelastic_plate" name="test_invalid_model_inputs_fail_closed[changes21]" time="0.000" /><testcase classname="tests.sandbox.test_cooling_thermoelastic_plate" name="test_invalid_or_out_of_domain_temperatures_fail_closed[values0]" time="0.000" /><testcase classname="tests.sandbox.test_cooling_thermoelastic_plate" name="test_invalid_or_out_of_domain_temperatures_fail_closed[values1]" time="0.000" /><testcase classname="tests.sandbox.test_cooling_thermoelastic_plate" name="test_invalid_or_out_of_domain_temperatures_fail_closed[values2]" time="0.000" /><testcase classname="tests.sandbox.test_cooling_thermoelastic_plate" name="test_invalid_or_out_of_domain_temperatures_fail_closed[values3]" time="0.000" /><testcase classname="tests.sandbox.test_cooling_thermoelastic_plate" name="test_invalid_or_out_of_domain_temperatures_fail_closed[values4]" time="0.000" /><testcase classname="tests.sandbox.test_cooling_thermoelastic_plate" name="test_invalid_or_out_of_domain_temperatures_fail_closed[values5]" time="0.000" /><testcase classname="tests.sandbox.test_cooling_thermoelastic_plate" name="test_invalid_or_out_of_domain_temperatures_fail_closed[values6]" time="0.000" /><testcase classname="tests.sandbox.test_cooling_thermoelastic_plate" name="test_invalid_or_out_of_domain_temperatures_fail_closed[values7]" time="0.000" /><testcase classname="tests.sandbox.test_cooling_thermoelastic_plate" name="test_invalid_or_out_of_domain_temperatures_fail_closed[values8]" time="0.000" /><testcase classname="tests.sandbox.test_cooling_thermoelastic_plate" name="test_invalid_or_out_of_domain_temperatures_fail_closed[values9]" time="0.000" /><testcase classname="tests.sandbox.test_cooling_thermoelastic_plate" name="test_strain_and_unrepresentable_outputs_fail_closed" time="0.000" /></testsuite></testsuites>