<?xml version="1.0" encoding="utf-8"?><testsuites name="pytest tests"><testsuite name="pytest" errors="0" failures="1" skipped="0" tests="47" time="0.329" timestamp="2026-09-12T03:12:01.276030-07:00" hostname="Ws-MacBook-Pro.local"><testcase classname="tests.sandbox.test_cooling_thermoelastic_plate" name="test_uniform_free_state_and_uniform_in_plane_restrained_point[291.0]" time="0.000" /><testcase classname="tests.sandbox.test_cooling_thermoelastic_plate" name="test_uniform_free_state_and_uniform_in_plane_restrained_point[300.0]" time="0.000" /><testcase classname="tests.sandbox.test_cooling_thermoelastic_plate" name="test_uniform_free_state_and_uniform_in_plane_restrained_point[309.0]" time="0.000" /><testcase classname="tests.sandbox.test_cooling_thermoelastic_plate" name="test_independent_free_energy_derivatives_and_legendre_identity" time="0.000" /><testcase classname="tests.sandbox.test_cooling_thermoelastic_plate" name="test_fraction_two_cell_rates_local_work_and_entropy" time="0.001"><failure message="AssertionError: &#10;Not equal to tolerance rtol=1e-13, atol=0&#10;&#10;Mismatched elements: 2 / 2 (100%)&#10;Mismatch at indices:&#10; [0]: 6.811409110258904e-07 (ACTUAL), 6.811409110259685e-07 (DESIRED)&#10; [1]: -6.811409110258904e-07 (ACTUAL), -6.811409110259685e-07 (DESIRED)&#10;Max absolute difference among violations: 7.81387894e-20&#10;Max relative difference among violations: 1.1471751e-13&#10; ACTUAL: array([ 6.811409e-07, -6.811409e-07])&#10; DESIRED: array([ 6.811409e-07, -6.811409e-07])">def test_fraction_two_cell_rates_local_work_and_entropy():
        op = plate()
        out = op.evaluate([304., 300.])
        F = Fraction
        c, b, volume = F(100000), F(10), F(1, 10000)
        t = [F(304), F(300)]
        q = [-F(4) / volume, F(4) / volume]
        ce = [c - 2 * b * v for v in t]
        mean_rate = sum((qq / dd for qq, dd in zip(q, ce)), F()) / (2 + sum((2 * b * tt / dd for tt, dd in zip(t, ce)), F()))
        td = [(qq - 2 * b * tt * mean_rate) / dd for tt, qq, dd in zip(t, q, ce)]
        np.testing.assert_allclose(out.temperature_rates_k_s, [float(x) for x in td], rtol=1e-14)
        assert out.face_heat_outward_w == (0., 4., 0.)
        assert out.cell_heat_in_w == (-4., 4.)
        assert out.points[0].stress_pa &lt; 0. &lt; out.points[1].stress_pa
        expected_power = [2 * volume * sigma * F(1, 10000) * mean_rate
                          for sigma in (-F(200000), F(200000))]
        assert expected_power[0] != 0
&gt;       np.testing.assert_allclose(out.cell_mechanical_power_w,
                                   [float(x) for x in expected_power], rtol=1e-13)
E       AssertionError: 
E       Not equal to tolerance rtol=1e-13, atol=0
E       
E       Mismatched elements: 2 / 2 (100%)
E       Mismatch at indices:
E        [0]: 6.811409110258904e-07 (ACTUAL), 6.811409110259685e-07 (DESIRED)
E        [1]: -6.811409110258904e-07 (ACTUAL), -6.811409110259685e-07 (DESIRED)
E       Max absolute difference among violations: 7.81387894e-20
E       Max relative difference among violations: 1.1471751e-13
E        ACTUAL: array([ 6.811409e-07, -6.811409e-07])
E        DESIRED: array([ 6.811409e-07, -6.811409e-07])

tests/sandbox/test_cooling_thermoelastic_plate.py:81: AssertionError</failure></testcase><testcase classname="tests.sandbox.test_cooling_thermoelastic_plate" name="test_two_cell_adiabatic_relaxation_matches_independent_implicit_solution" time="0.013" /><testcase classname="tests.sandbox.test_cooling_thermoelastic_plate" name="test_fixed_surface_halfcell_and_zero_alpha_reduce_to_plain_conduction" time="0.000" /><testcase classname="tests.sandbox.test_cooling_thermoelastic_plate" name="test_one_coupled_cooling_stage_matches_independent_dense_matrix" time="0.000" /><testcase classname="tests.sandbox.test_cooling_thermoelastic_plate" name="test_outputs_and_model_are_immutable" time="0.000" /><testcase classname="tests.sandbox.test_cooling_thermoelastic_plate" name="test_invalid_model_inputs_fail_closed[changes0]" time="0.000" /><testcase classname="tests.sandbox.test_cooling_thermoelastic_plate" name="test_invalid_model_inputs_fail_closed[changes1]" time="0.000" /><testcase classname="tests.sandbox.test_cooling_thermoelastic_plate" name="test_invalid_model_inputs_fail_closed[changes2]" time="0.000" /><testcase classname="tests.sandbox.test_cooling_thermoelastic_plate" name="test_invalid_model_inputs_fail_closed[changes3]" time="0.000" /><testcase classname="tests.sandbox.test_cooling_thermoelastic_plate" name="test_invalid_model_inputs_fail_closed[changes4]" time="0.000" /><testcase classname="tests.sandbox.test_cooling_thermoelastic_plate" name="test_invalid_model_inputs_fail_closed[changes5]" time="0.000" /><testcase classname="tests.sandbox.test_cooling_thermoelastic_plate" name="test_invalid_model_inputs_fail_closed[changes6]" time="0.000" /><testcase classname="tests.sandbox.test_cooling_thermoelastic_plate" name="test_invalid_model_inputs_fail_closed[changes7]" time="0.000" /><testcase classname="tests.sandbox.test_cooling_thermoelastic_plate" name="test_invalid_model_inputs_fail_closed[changes8]" time="0.000" /><testcase classname="tests.sandbox.test_cooling_thermoelastic_plate" name="test_invalid_model_inputs_fail_closed[changes9]" time="0.000" /><testcase classname="tests.sandbox.test_cooling_thermoelastic_plate" name="test_invalid_model_inputs_fail_closed[changes10]" time="0.000" /><testcase classname="tests.sandbox.test_cooling_thermoelastic_plate" name="test_invalid_model_inputs_fail_closed[changes11]" time="0.000" /><testcase classname="tests.sandbox.test_cooling_thermoelastic_plate" name="test_invalid_model_inputs_fail_closed[changes12]" time="0.000" /><testcase classname="tests.sandbox.test_cooling_thermoelastic_plate" name="test_invalid_model_inputs_fail_closed[changes13]" time="0.000" /><testcase classname="tests.sandbox.test_cooling_thermoelastic_plate" name="test_invalid_model_inputs_fail_closed[changes14]" time="0.000" /><testcase classname="tests.sandbox.test_cooling_thermoelastic_plate" name="test_invalid_model_inputs_fail_closed[changes15]" time="0.000" /><testcase classname="tests.sandbox.test_cooling_thermoelastic_plate" name="test_invalid_model_inputs_fail_closed[changes16]" time="0.000" /><testcase classname="tests.sandbox.test_cooling_thermoelastic_plate" name="test_invalid_model_inputs_fail_closed[changes17]" time="0.000" /><testcase classname="tests.sandbox.test_cooling_thermoelastic_plate" name="test_invalid_model_inputs_fail_closed[changes18]" time="0.000" /><testcase classname="tests.sandbox.test_cooling_thermoelastic_plate" name="test_invalid_model_inputs_fail_closed[changes19]" time="0.000" /><testcase classname="tests.sandbox.test_cooling_thermoelastic_plate" name="test_invalid_model_inputs_fail_closed[changes20]" time="0.000" /><testcase classname="tests.sandbox.test_cooling_thermoelastic_plate" name="test_invalid_model_inputs_fail_closed[changes21]" time="0.000" /><testcase classname="tests.sandbox.test_cooling_thermoelastic_plate" name="test_invalid_or_out_of_domain_temperatures_fail_closed[values0]" time="0.000" /><testcase classname="tests.sandbox.test_cooling_thermoelastic_plate" name="test_invalid_or_out_of_domain_temperatures_fail_closed[values1]" time="0.000" /><testcase classname="tests.sandbox.test_cooling_thermoelastic_plate" name="test_invalid_or_out_of_domain_temperatures_fail_closed[values2]" time="0.000" /><testcase classname="tests.sandbox.test_cooling_thermoelastic_plate" name="test_invalid_or_out_of_domain_temperatures_fail_closed[values3]" time="0.000" /><testcase classname="tests.sandbox.test_cooling_thermoelastic_plate" name="test_invalid_or_out_of_domain_temperatures_fail_closed[values4]" time="0.000" /><testcase classname="tests.sandbox.test_cooling_thermoelastic_plate" name="test_invalid_or_out_of_domain_temperatures_fail_closed[values5]" time="0.000" /><testcase classname="tests.sandbox.test_cooling_thermoelastic_plate" name="test_invalid_or_out_of_domain_temperatures_fail_closed[values6]" time="0.000" /><testcase classname="tests.sandbox.test_cooling_thermoelastic_plate" name="test_invalid_or_out_of_domain_temperatures_fail_closed[values7]" time="0.000" /><testcase classname="tests.sandbox.test_cooling_thermoelastic_plate" name="test_invalid_or_out_of_domain_temperatures_fail_closed[values8]" time="0.001" /><testcase classname="tests.sandbox.test_cooling_thermoelastic_plate" name="test_invalid_or_out_of_domain_temperatures_fail_closed[values9]" time="0.000" /><testcase classname="tests.sandbox.test_cooling_thermoelastic_plate" name="test_strain_and_unrepresentable_outputs_fail_closed" time="0.000" /><testcase classname="tests.sandbox.test_cooling_thermoelastic_plate" name="test_nearly_zero_ce_single_cell_retains_exact_common_mode" time="0.000" /><testcase classname="tests.sandbox.test_cooling_thermoelastic_plate" name="test_nearly_singular_multicell_unrepresentable_common_mode_is_rejected" time="0.000" /><testcase classname="tests.sandbox.test_cooling_thermoelastic_plate" name="test_nearly_zero_ce_uniform_adiabatic_multicell_remains_at_rest" time="0.000" /><testcase classname="tests.sandbox.test_cooling_thermoelastic_plate" name="test_zero_heat_face_skips_unused_unrepresentable_temperature_ratio[adiabatic]" time="0.000" /><testcase classname="tests.sandbox.test_cooling_thermoelastic_plate" name="test_zero_heat_face_skips_unused_unrepresentable_temperature_ratio[fixed_temperature]" time="0.000" /></testsuite></testsuites>