<?xml version="1.0" encoding="utf-8"?><testsuites name="pytest tests"><testsuite name="pytest" errors="0" failures="4" skipped="0" tests="47" time="0.399" timestamp="2026-09-12T03:11:18.506941-07:00" hostname="Ws-MacBook-Pro.local"><testcase classname="tests.sandbox.test_cooling_thermoelastic_plate" name="test_uniform_free_state_and_uniform_in_plane_restrained_point[291.0]" time="0.000" /><testcase classname="tests.sandbox.test_cooling_thermoelastic_plate" name="test_uniform_free_state_and_uniform_in_plane_restrained_point[300.0]" time="0.000" /><testcase classname="tests.sandbox.test_cooling_thermoelastic_plate" name="test_uniform_free_state_and_uniform_in_plane_restrained_point[309.0]" time="0.000" /><testcase classname="tests.sandbox.test_cooling_thermoelastic_plate" name="test_independent_free_energy_derivatives_and_legendre_identity" time="0.000" /><testcase classname="tests.sandbox.test_cooling_thermoelastic_plate" name="test_fraction_two_cell_rates_local_work_and_entropy" time="0.001" /><testcase classname="tests.sandbox.test_cooling_thermoelastic_plate" name="test_two_cell_adiabatic_relaxation_matches_independent_implicit_solution" time="0.011" /><testcase classname="tests.sandbox.test_cooling_thermoelastic_plate" name="test_fixed_surface_halfcell_and_zero_alpha_reduce_to_plain_conduction" time="0.000" /><testcase classname="tests.sandbox.test_cooling_thermoelastic_plate" name="test_one_coupled_cooling_stage_matches_independent_dense_matrix" time="0.000" /><testcase classname="tests.sandbox.test_cooling_thermoelastic_plate" name="test_outputs_and_model_are_immutable" time="0.000" /><testcase classname="tests.sandbox.test_cooling_thermoelastic_plate" name="test_invalid_model_inputs_fail_closed[changes0]" time="0.000" /><testcase classname="tests.sandbox.test_cooling_thermoelastic_plate" name="test_invalid_model_inputs_fail_closed[changes1]" time="0.000" /><testcase classname="tests.sandbox.test_cooling_thermoelastic_plate" name="test_invalid_model_inputs_fail_closed[changes2]" time="0.000" /><testcase classname="tests.sandbox.test_cooling_thermoelastic_plate" name="test_invalid_model_inputs_fail_closed[changes3]" time="0.000" /><testcase classname="tests.sandbox.test_cooling_thermoelastic_plate" name="test_invalid_model_inputs_fail_closed[changes4]" time="0.000" /><testcase classname="tests.sandbox.test_cooling_thermoelastic_plate" name="test_invalid_model_inputs_fail_closed[changes5]" time="0.000" /><testcase classname="tests.sandbox.test_cooling_thermoelastic_plate" name="test_invalid_model_inputs_fail_closed[changes6]" time="0.000" /><testcase classname="tests.sandbox.test_cooling_thermoelastic_plate" name="test_invalid_model_inputs_fail_closed[changes7]" time="0.000" /><testcase classname="tests.sandbox.test_cooling_thermoelastic_plate" name="test_invalid_model_inputs_fail_closed[changes8]" time="0.000" /><testcase classname="tests.sandbox.test_cooling_thermoelastic_plate" name="test_invalid_model_inputs_fail_closed[changes9]" time="0.000" /><testcase classname="tests.sandbox.test_cooling_thermoelastic_plate" name="test_invalid_model_inputs_fail_closed[changes10]" time="0.000" /><testcase classname="tests.sandbox.test_cooling_thermoelastic_plate" name="test_invalid_model_inputs_fail_closed[changes11]" time="0.000" /><testcase classname="tests.sandbox.test_cooling_thermoelastic_plate" name="test_invalid_model_inputs_fail_closed[changes12]" time="0.000" /><testcase classname="tests.sandbox.test_cooling_thermoelastic_plate" name="test_invalid_model_inputs_fail_closed[changes13]" time="0.000" /><testcase classname="tests.sandbox.test_cooling_thermoelastic_plate" name="test_invalid_model_inputs_fail_closed[changes14]" time="0.000" /><testcase classname="tests.sandbox.test_cooling_thermoelastic_plate" name="test_invalid_model_inputs_fail_closed[changes15]" time="0.000" /><testcase classname="tests.sandbox.test_cooling_thermoelastic_plate" name="test_invalid_model_inputs_fail_closed[changes16]" time="0.000" /><testcase classname="tests.sandbox.test_cooling_thermoelastic_plate" name="test_invalid_model_inputs_fail_closed[changes17]" time="0.000" /><testcase classname="tests.sandbox.test_cooling_thermoelastic_plate" name="test_invalid_model_inputs_fail_closed[changes18]" time="0.000" /><testcase classname="tests.sandbox.test_cooling_thermoelastic_plate" name="test_invalid_model_inputs_fail_closed[changes19]" time="0.000" /><testcase classname="tests.sandbox.test_cooling_thermoelastic_plate" name="test_invalid_model_inputs_fail_closed[changes20]" time="0.000" /><testcase classname="tests.sandbox.test_cooling_thermoelastic_plate" name="test_invalid_model_inputs_fail_closed[changes21]" time="0.000" /><testcase classname="tests.sandbox.test_cooling_thermoelastic_plate" name="test_invalid_or_out_of_domain_temperatures_fail_closed[values0]" time="0.000" /><testcase classname="tests.sandbox.test_cooling_thermoelastic_plate" name="test_invalid_or_out_of_domain_temperatures_fail_closed[values1]" time="0.000" /><testcase classname="tests.sandbox.test_cooling_thermoelastic_plate" name="test_invalid_or_out_of_domain_temperatures_fail_closed[values2]" time="0.000" /><testcase classname="tests.sandbox.test_cooling_thermoelastic_plate" name="test_invalid_or_out_of_domain_temperatures_fail_closed[values3]" time="0.000" /><testcase classname="tests.sandbox.test_cooling_thermoelastic_plate" name="test_invalid_or_out_of_domain_temperatures_fail_closed[values4]" time="0.000" /><testcase classname="tests.sandbox.test_cooling_thermoelastic_plate" name="test_invalid_or_out_of_domain_temperatures_fail_closed[values5]" time="0.000" /><testcase classname="tests.sandbox.test_cooling_thermoelastic_plate" name="test_invalid_or_out_of_domain_temperatures_fail_closed[values6]" time="0.000" /><testcase classname="tests.sandbox.test_cooling_thermoelastic_plate" name="test_invalid_or_out_of_domain_temperatures_fail_closed[values7]" time="0.000" /><testcase classname="tests.sandbox.test_cooling_thermoelastic_plate" name="test_invalid_or_out_of_domain_temperatures_fail_closed[values8]" time="0.000" /><testcase classname="tests.sandbox.test_cooling_thermoelastic_plate" name="test_invalid_or_out_of_domain_temperatures_fail_closed[values9]" time="0.000" /><testcase classname="tests.sandbox.test_cooling_thermoelastic_plate" name="test_strain_and_unrepresentable_outputs_fail_closed" time="0.000" /><testcase classname="tests.sandbox.test_cooling_thermoelastic_plate" name="test_nearly_zero_ce_single_cell_retains_exact_common_mode" time="0.000"><failure message="assert (-5000.158116811015,) == (-5000.0,)&#10;  &#10;  At index 0 diff: -5000.158116811015 != -5000.0&#10;  Use -v to get more diff">def test_nearly_zero_ce_single_cell_retains_exact_common_mode():
        # Independent-review regression: Ce ~ 1e-12 used to produce -5000.158...
        # while returning an edot belonging to the correct -5000 common mode.
        op = plate(
            reference=ReferenceSlab(.02, .01, 1),
            biaxial_modulus_pa=1., stress_free_heat_capacity_j_m3_k=1.,
            linear_expansion_per_k=math.sqrt((1. - 1e-12) / 600.),
            temperature_bounds_k=(299., 300.), strain_bounds=(-.1, .1),
            outer_temperature_k=299., outer_boundary="fixed_temperature",
        )
        out = op.evaluate([300.])
        assert 0. &lt; out.points[0].fixed_strain_heat_capacity_j_m3_k &lt; 2e-12
        expected = out.cell_heat_in_w[0] / out.reference_cell_volumes_m3[0]
        assert expected == -5000.
&gt;       assert out.temperature_rates_k_s == (expected,)
E       assert (-5000.158116811015,) == (-5000.0,)
E         
E         At index 0 diff: -5000.158116811015 != -5000.0
E         Use -v to get more diff

tests/sandbox/test_cooling_thermoelastic_plate.py:231: AssertionError</failure></testcase><testcase classname="tests.sandbox.test_cooling_thermoelastic_plate" name="test_nearly_singular_multicell_unrepresentable_common_mode_is_rejected" time="0.000"><failure message="Failed: DID NOT RAISE &lt;class 'sludge_sandbox.cooling_thermoelastic_plate.ThermoelasticPlateError'&gt;">def test_nearly_singular_multicell_unrepresentable_common_mode_is_rejected():
        op = plate(
            biaxial_modulus_pa=1., stress_free_heat_capacity_j_m3_k=1.,
            linear_expansion_per_k=math.sqrt((1. - 1e-12) / 600.),
            temperature_bounds_k=(299., 300.), strain_bounds=(-.1, .1),
            outer_temperature_k=299.123456789, outer_boundary="fixed_temperature",
        )
        # The contrast rates are ~1e16 K/s: binary64 cannot retain their much
        # smaller, nonintegral common cooling rate to a forcing-scaled roundoff bound.
&gt;       with pytest.raises(ThermoelasticPlateError, match="unresolved_thermal_rate"):
             ^^^^^^^^^^^^^^^^^^^^^^^^^^^^^^^^^^^^^^^^^^^^^^^^^^^^^^^^^^^^^^^^^^^^^^^
E       Failed: DID NOT RAISE &lt;class 'sludge_sandbox.cooling_thermoelastic_plate.ThermoelasticPlateError'&gt;

tests/sandbox/test_cooling_thermoelastic_plate.py:245: Failed</failure></testcase><testcase classname="tests.sandbox.test_cooling_thermoelastic_plate" name="test_nearly_zero_ce_uniform_adiabatic_multicell_remains_at_rest" time="0.000" /><testcase classname="tests.sandbox.test_cooling_thermoelastic_plate" name="test_zero_heat_face_skips_unused_unrepresentable_temperature_ratio[adiabatic]" time="0.000"><failure message="sludge_sandbox.cooling_thermoelastic_plate.ThermoelasticPlateError: invalid_boundary_entropy_production">outer_boundary = 'adiabatic'

    @pytest.mark.parametrize("outer_boundary", ["adiabatic", "fixed_temperature"])
    def test_zero_heat_face_skips_unused_unrepresentable_temperature_ratio(outer_boundary):
        # Independent-review regression: zero flux times an overflowing temperature
        # ratio must not create NaN entropy on an inactive/insulating boundary.
        op = plate(
            reference=ReferenceSlab(.02, .01, 1),
            biaxial_modulus_pa=1., stress_free_heat_capacity_j_m3_k=1.,
            linear_expansion_per_k=0., conductivity_w_m_k=0.,
            reference_temperature_k=1e-100, temperature_bounds_k=(5e-101, 2e-100),
            outer_temperature_k=1e308, outer_boundary=outer_boundary,
        )
&gt;       out = op.evaluate([1e-100])
              ^^^^^^^^^^^^^^^^^^^^^

tests/sandbox/test_cooling_thermoelastic_plate.py:272: 
_ _ _ _ _ _ _ _ _ _ _ _ _ _ _ _ _ _ _ _ _ _ _ _ _ _ _ _ _ _ _ _ _ _ _ _ _ _ _ _ 
src/sludge_sandbox/cooling_thermoelastic_plate.py:247: in evaluate
    face_entropy.append(_number(outer * ((temperatures[-1] - self.outer_temperature_k) / temperatures[-1]) / self.outer_temperature_k, "boundary_entropy_production", nonnegative=True))
                        ^^^^^^^^^^^^^^^^^^^^^^^^^^^^^^^^^^^^^^^^^^^^^^^^^^^^^^^^^^^^^^^^^^^^^^^^^^^^^^^^^^^^^^^^^^^^^^^^^^^^^^^^^^^^^^^^^^^^^^^^^^^^^^^^^^^^^^^^^^^^^^^^^^^^^^^^^^^^^^^
_ _ _ _ _ _ _ _ _ _ _ _ _ _ _ _ _ _ _ _ _ _ _ _ _ _ _ _ _ _ _ _ _ _ _ _ _ _ _ _ 

value = nan, name = 'boundary_entropy_production'

    def _number(value, name, *, positive=False, nonnegative=False):
        try:
            valid = isinstance(value, Real) and not isinstance(value, bool)
            value = float(value) if valid else math.nan
        except (ValueError, OverflowError) as exc:
            raise ThermoelasticPlateError(f"invalid_{name}") from exc
        if not math.isfinite(value) or (positive and value &lt;= 0.) or (nonnegative and value &lt; 0.):
&gt;           raise ThermoelasticPlateError(f"invalid_{name}")
E           sludge_sandbox.cooling_thermoelastic_plate.ThermoelasticPlateError: invalid_boundary_entropy_production

src/sludge_sandbox/cooling_thermoelastic_plate.py:27: ThermoelasticPlateError</failure></testcase><testcase classname="tests.sandbox.test_cooling_thermoelastic_plate" name="test_zero_heat_face_skips_unused_unrepresentable_temperature_ratio[fixed_temperature]" time="0.000"><failure message="sludge_sandbox.cooling_thermoelastic_plate.ThermoelasticPlateError: invalid_boundary_entropy_production">outer_boundary = 'fixed_temperature'

    @pytest.mark.parametrize("outer_boundary", ["adiabatic", "fixed_temperature"])
    def test_zero_heat_face_skips_unused_unrepresentable_temperature_ratio(outer_boundary):
        # Independent-review regression: zero flux times an overflowing temperature
        # ratio must not create NaN entropy on an inactive/insulating boundary.
        op = plate(
            reference=ReferenceSlab(.02, .01, 1),
            biaxial_modulus_pa=1., stress_free_heat_capacity_j_m3_k=1.,
            linear_expansion_per_k=0., conductivity_w_m_k=0.,
            reference_temperature_k=1e-100, temperature_bounds_k=(5e-101, 2e-100),
            outer_temperature_k=1e308, outer_boundary=outer_boundary,
        )
&gt;       out = op.evaluate([1e-100])
              ^^^^^^^^^^^^^^^^^^^^^

tests/sandbox/test_cooling_thermoelastic_plate.py:272: 
_ _ _ _ _ _ _ _ _ _ _ _ _ _ _ _ _ _ _ _ _ _ _ _ _ _ _ _ _ _ _ _ _ _ _ _ _ _ _ _ 
src/sludge_sandbox/cooling_thermoelastic_plate.py:247: in evaluate
    face_entropy.append(_number(outer * ((temperatures[-1] - self.outer_temperature_k) / temperatures[-1]) / self.outer_temperature_k, "boundary_entropy_production", nonnegative=True))
                        ^^^^^^^^^^^^^^^^^^^^^^^^^^^^^^^^^^^^^^^^^^^^^^^^^^^^^^^^^^^^^^^^^^^^^^^^^^^^^^^^^^^^^^^^^^^^^^^^^^^^^^^^^^^^^^^^^^^^^^^^^^^^^^^^^^^^^^^^^^^^^^^^^^^^^^^^^^^^^^^
_ _ _ _ _ _ _ _ _ _ _ _ _ _ _ _ _ _ _ _ _ _ _ _ _ _ _ _ _ _ _ _ _ _ _ _ _ _ _ _ 

value = nan, name = 'boundary_entropy_production'

    def _number(value, name, *, positive=False, nonnegative=False):
        try:
            valid = isinstance(value, Real) and not isinstance(value, bool)
            value = float(value) if valid else math.nan
        except (ValueError, OverflowError) as exc:
            raise ThermoelasticPlateError(f"invalid_{name}") from exc
        if not math.isfinite(value) or (positive and value &lt;= 0.) or (nonnegative and value &lt; 0.):
&gt;           raise ThermoelasticPlateError(f"invalid_{name}")
E           sludge_sandbox.cooling_thermoelastic_plate.ThermoelasticPlateError: invalid_boundary_entropy_production

src/sludge_sandbox/cooling_thermoelastic_plate.py:27: ThermoelasticPlateError</failure></testcase></testsuite></testsuites>